<?xml version="1.0" encoding="UTF-8"?>
<!-- Generated by org.testng.reporters.JUnitXMLReporter -->
<testsuite hostname="DESKTOP-SVOPH10" ignored="0" name="Test" tests="5" failures="0" timestamp="2021-09-15T19:27:58 EDT" time="0.044" errors="0">
  <testcase name="m1" time="0.007" classname="tests.ParTest"/>
  <testcase name="m5" time="0.007" classname="tests.ParTest"/>
  <testcase name="m2" time="0.007" classname="tests.ParTest"/>
  <testcase name="m3" time="0.007" classname="tests.ParTest"/>
  <testcase name="m4" time="0.007" classname="tests.ParTest"/>
</testsuite> <!-- Test -->
